<?xml version="1.0" encoding="UTF-8"?>
<!-- Generated by org.testng.reporters.JUnitReportReporter -->
<testsuite hostname="DESKTOP-CNC67BU" failures="0" tests="3" name="Assignment" time="139.362" errors="0" timestamp="2022-07-03T21:00:16 BST" skipped="0">
  <testcase classname="Assignment" name="thirdSearch" time="46.500"/>
  <system-out/>
  <testcase classname="Assignment" name="firstSearch" time="46.833"/>
  <system-out/>
  <testcase classname="Assignment" name="secondSearch" time="46.029"/>
  <system-out/>
</testsuite> <!-- Assignment -->
