<?xml version="1.0" encoding="UTF-8"?>
<!-- Generated by org.testng.reporters.JUnitReportReporter -->
<testsuite hostname="DESKTOP-CNC67BU" failures="0" tests="3" name="Assignment" time="101.597" errors="0" timestamp="2022-07-03T18:54:55 BST" skipped="0">
  <testcase classname="Assignment" name="firstSearch" time="32.682"/>
  <system-out/>
  <testcase classname="Assignment" name="secondSearch" time="36.200"/>
  <system-out/>
  <testcase classname="Assignment" name="thirdSearch" time="32.715"/>
  <system-out/>
</testsuite> <!-- Assignment -->
