<?xml version="1.0" encoding="UTF-8"?>
<!-- Generated by org.testng.reporters.JUnitReportReporter -->
<testsuite hostname="DESKTOP-CNC67BU" failures="0" tests="3" name="Assignment" time="87.642" errors="0" timestamp="2022-07-04T20:10:10 BST" skipped="0">
  <testcase classname="Assignment" name="thirdSearch" time="28.836"/>
  <system-out/>
  <testcase classname="Assignment" name="firstSearch" time="29.970"/>
  <system-out/>
  <testcase classname="Assignment" name="secondSearch" time="28.836"/>
  <system-out/>
</testsuite> <!-- Assignment -->
