<?xml version="1.0" encoding="UTF-8"?>
<!-- Generated by org.testng.reporters.JUnitReportReporter -->
<testsuite hostname="DESKTOP-CNC67BU" failures="0" tests="3" name="Assignment" time="108.913" errors="0" timestamp="2022-07-03T19:25:14 BST" skipped="0">
  <testcase classname="Assignment" name="thirdSearch" time="37.664"/>
  <system-out/>
  <testcase classname="Assignment" name="secondSearch" time="36.188"/>
  <system-out/>
  <testcase classname="Assignment" name="firstSearch" time="35.061"/>
  <system-out/>
</testsuite> <!-- Assignment -->
