<?xml version="1.0" encoding="UTF-8"?>
<!-- Generated by org.testng.reporters.JUnitReportReporter -->
<testsuite hostname="DESKTOP-CNC67BU" failures="0" tests="3" name="Assignment" time="91.694" errors="0" timestamp="2022-07-03T19:28:38 BST" skipped="0">
  <testcase classname="Assignment" name="secondSearch" time="30.142"/>
  <system-out/>
  <testcase classname="Assignment" name="firstSearch" time="30.456"/>
  <system-out/>
  <testcase classname="Assignment" name="thirdSearch" time="31.096"/>
  <system-out/>
</testsuite> <!-- Assignment -->
